This is pdfTeX, Version 3.1415926-1.40.10 (TeX Live 2009/Debian) (format=pdflatex 2011.11.23)  10 MAR 2012 10:39
entering extended mode
 %&-line parsing enabled.
**cwpuzzle.dtx
(./cwpuzzle.dtx
LaTeX2e <2009/09/24>
Babel <v3.8l> and hyphenation patterns for english, usenglishmax, dumylang, noh
yphenation, loaded.
Package: cwpuzzle 2009/09/13 1.8 for typesetting crossword puzzles and more. 
(/usr/share/texmf-texlive/tex/latex/base/ltxdoc.cls
Document Class: ltxdoc 2007/11/11 v2.0u Standard LaTeX documentation class
(/usr/share/texmf-texlive/tex/latex/base/article.cls
Document Class: article 2007/10/19 v1.4h Standard LaTeX document class
(/usr/share/texmf-texlive/tex/latex/base/size10.clo
File: size10.clo 2007/10/19 v1.4h Standard LaTeX file (size option)
)
\c@part=\count79
\c@section=\count80
\c@subsection=\count81
\c@subsubsection=\count82
\c@paragraph=\count83
\c@subparagraph=\count84
\c@figure=\count85
\c@table=\count86
\abovecaptionskip=\skip41
\belowcaptionskip=\skip42
\bibindent=\dimen102
)
(/usr/share/texmf-texlive/tex/latex/base/doc.sty
Package: doc 2006/02/02 v2.1d Standard LaTeX documentation package (FMi)
\c@StandardModuleDepth=\count87
\guard@level=\count88
\MacrocodeTopsep=\skip43
\MacroIndent=\dimen103
\macro@cnt=\count89
\MacroTopsep=\skip44
\index@excludelist=\toks14

(/usr/share/texmf-texlive/tex/latex/tools/multicol.sty
Package: multicol 2008/12/05 v1.6h multicolumn formatting (FMi)
\c@tracingmulticols=\count90
\mult@box=\box26
\multicol@leftmargin=\dimen104
\c@unbalance=\count91
\c@collectmore=\count92
\doublecol@number=\count93
\multicoltolerance=\count94
\multicolpretolerance=\count95
\full@width=\dimen105
\page@free=\dimen106
\premulticols=\dimen107
\postmulticols=\dimen108
\multicolsep=\skip45
\multicolbaselineskip=\skip46
\partial@page=\box27
\last@line=\box28
\mult@rightbox=\box29
\mult@grightbox=\box30
\mult@gfirstbox=\box31
\mult@firstbox=\box32
\@tempa=\box33
\@tempa=\box34
\@tempa=\box35
\@tempa=\box36
\@tempa=\box37
\@tempa=\box38
\@tempa=\box39
\@tempa=\box40
\@tempa=\box41
\@tempa=\box42
\@tempa=\box43
\@tempa=\box44
\@tempa=\box45
\@tempa=\box46
\@tempa=\box47
\@tempa=\box48
\@tempa=\box49
\c@columnbadness=\count96
\c@finalcolumnbadness=\count97
\last@try=\dimen109
\multicolovershoot=\dimen110
\multicolundershoot=\dimen111
\mult@nat@firstbox=\box50
\colbreak@box=\box51
)
\IndexMin=\dimen112
\c@IndexColumns=\count98
\GlossaryMin=\dimen113
\c@GlossaryColumns=\count99
\check@sum=\count100
\bslash@cnt=\count101
\wrong@table=\toks15
\c@CodelineNo=\count102
))
(/usr/share/texmf-texlive/tex/latex/graphics/color.sty
Package: color 2005/11/14 v1.0j Standard LaTeX Color (DPC)

(/etc/texmf/tex/latex/config/color.cfg
File: color.cfg 2007/01/18 v1.5 color configuration of teTeX/TeXLive
)
Package color Info: Driver file: pdftex.def on input line 130.

(/usr/share/texmf-texlive/tex/latex/pdftex-def/pdftex.def
File: pdftex.def 2010/03/12 v0.04p Graphics/color for pdfTeX
\Gread@gobject=\count103
)) (./cwpuzzle.sty
Package: cwpuzzle 2009/09/13 1.8 for typesetting crossword puzzles and more. 
Package: cwpuzzle 2009/09/13gene
(/usr/share/texmf-texlive/tex/latex/amsfonts/amssymb.sty
Package: amssymb 2009/06/22 v3.00

(/usr/share/texmf-texlive/tex/latex/amsfonts/amsfonts.sty
Package: amsfonts 2009/06/22 v3.00 Basic AMSFonts support
\@emptytoks=\toks16
\symAMSa=\mathgroup4
\symAMSb=\mathgroup5
LaTeX Font Info:    Overwriting math alphabet `\mathfrak' in version `bold'
(Font)                  U/euf/m/n --> U/euf/b/n on input line 96.
))
\PuzzleUnitlength=\dimen114
\Puzzle@X=\count104
\Puzzle@Y=\count105
)
\@indexfile=\write3
\openout3 = `cwpuzzle.idx'.


Writing index file cwpuzzle.idx
\@glossaryfile=\write4
\openout4 = `cwpuzzle.glo'.

Writing glossary file cwpuzzle.glo 
(./cwpuzzle.aux)
\openout1 = `cwpuzzle.aux'.

LaTeX Font Info:    Checking defaults for OML/cmm/m/it on input line 53.
LaTeX Font Info:    ... okay on input line 53.
LaTeX Font Info:    Checking defaults for T1/cmr/m/n on input line 53.
LaTeX Font Info:    ... okay on input line 53.
LaTeX Font Info:    Checking defaults for OT1/cmr/m/n on input line 53.
LaTeX Font Info:    ... okay on input line 53.
LaTeX Font Info:    Checking defaults for OMS/cmsy/m/n on input line 53.
LaTeX Font Info:    ... okay on input line 53.
LaTeX Font Info:    Checking defaults for OMX/cmex/m/n on input line 53.
LaTeX Font Info:    ... okay on input line 53.
LaTeX Font Info:    Checking defaults for U/cmr/m/n on input line 53.
LaTeX Font Info:    ... okay on input line 53.
Package doc Info: Made | a short reference for \verb on input line 53.
 (/usr/share/texmf-texlive/tex/context/base/supp-pdf.mkii
[Loading MPS to PDF converter (version 2006.09.02).]
\scratchcounter=\count106
\scratchdimen=\dimen115
\scratchbox=\box52
\nofMPsegments=\count107
\nofMParguments=\count108
\everyMPshowfont=\toks17
\MPscratchCnt=\count109
\MPscratchDim=\dimen116
\MPnumerator=\count110
\everyMPtoPDFconversion=\toks18
) (./cwpuzzle.dtx
LaTeX Font Info:    Try loading font information for U+msa on input line 71.
 (/usr/share/texmf-texlive/tex/latex/amsfonts/umsa.fd
File: umsa.fd 2009/06/22 v3.00 AMS symbols A
)
LaTeX Font Info:    Try loading font information for U+msb on input line 71.

(/usr/share/texmf-texlive/tex/latex/amsfonts/umsb.fd
File: umsb.fd 2009/06/22 v3.00 AMS symbols B
)
***************************
* Character table correct *
***************************
Package doc Info: Made  a short reference for \verb on input line 111.
(./cwpuzzle.toc [1

{/var/lib/texmf/fonts/map/pdftex/updmap/pdftex.map}])
\tf@toc=\write5
\openout5 = `cwpuzzle.toc'.


[2] [3] [4]
LaTeX Font Info:    Try loading font information for OMS+cmr on input line 355.

 (/usr/share/texmf-texlive/tex/latex/base/omscmr.fd
File: omscmr.fd 1999/05/25 v2.5h Standard LaTeX font definitions
)
LaTeX Font Info:    Font shape `OMS/cmr/m/n' in size <10> not available
(Font)              Font shape `OMS/cmsy/m/n' tried instead on input line 355.
 [5] [6]
[7] [8] [9] [10] [11] [12] [13] [14]
Overfull \hbox (20.4733pt too wide) in paragraph at lines 1063--1063
 []|\OT1/cmtt/m/n/9 \KakuroHintTypeKakuroNumberFont
 []

[15] [16] [17] [18] [19] [20] [21] [22] [23] [24] [25]
Overfull \hbox (24.21243pt too wide) in paragraph at lines 1916--1916
 [][]  \OT1/cmtt/m/n/9 \def|##1{\ifx##1*\let\next\PPa\else\Puzzle@pipe{##1}\let
\next\relax\fi\next} 
 []

[26]
Overfull \hbox (123.43628pt too wide) in paragraph at lines 2011--2011
 [][]  \OT1/cmtt/m/n/9 \put(\Puzzle@X,\Puzzle@Y){\makebox(1,.8)[r]{\parbox{.95\
unitlength}{\raggedright\KakuroNumberFont 
 []


Overfull \hbox (109.26144pt too wide) in paragraph at lines 2011--2011
 [][]  \OT1/cmtt/m/n/9 \put(\Puzzle@X,\Puzzle@Y){\makebox(1,1.2){\parbox{.95\un
itlength}{\raggedleft\KakuroNumberFont 
 []

[27] (./cwpuzzle.gls
Underfull \hbox (badness 10000) in paragraph at lines 11--13
[]| []\OT1/cmtt/m/n/9 \Puzzle@Box@@solution\OT1/cmr/m/n/9 : Mi-nor 
 []


Underfull \hbox (badness 10000) in paragraph at lines 14--15
[]| []\OT1/cmtt/m/n/9 \Puzzle@Box@@normal\OT1/cmr/m/n/9 : Reim-ple- 
 []


Underfull \hbox (badness 10000) in paragraph at lines 17--18
[]| []\OT1/cmtt/m/n/9 \Puzzle@Box@@solution@\OT1/cmr/m/n/9 : Reim- 
 []

[28]
Overfull \hbox (22.7731pt too wide) in paragraph at lines 43--45
[]| []\OT1/cmtt/m/n/9 \Puzzle@Box@@normal@\OT1/cmr/m/n/9 : \OT1/cmtt/m/n/9 \Puz
zleContent 
 []

) [29] (./cwpuzzle.ind [30]
Underfull \hbox (badness 10000) in paragraph at lines 135--137
[]\OT1/cmtt/m/n/9 Puzzle@Clues@@solution \OT1/cmr/m/n/9 (en-vi-ron- 
 []


Underfull \hbox (badness 10000) in paragraph at lines 151--153
[]\OT1/cmtt/m/n/9 Puzzle@Words@@solution \OT1/cmr/m/n/9 (en-vi-ron- 
 []

)
*******************
* Checksum passed *
*******************
) [31] (./cwpuzzle.aux) ) 
Here is how much of TeX's memory you used:
 1569 strings out of 495061
 19354 string characters out of 1182620
 108023 words of memory out of 3000000
 4742 multiletter control sequences out of 15000+50000
 16966 words of font info for 66 fonts, out of 3000000 for 9000
 28 hyphenation exceptions out of 8191
 30i,15n,26p,229b,354s stack positions out of 5000i,500n,10000p,200000b,50000s
</usr/share/texmf-texlive/fonts/type1/public/amsfonts/
cm/cmbx10.pfb></usr/share/texmf-texlive/fonts/type1/public/amsfonts/cm/cmbx12.p
fb></usr/share/texmf-texlive/fonts/type1/public/amsfonts/cm/cmbx8.pfb></usr/sha
re/texmf-texlive/fonts/type1/public/amsfonts/cm/cmbx9.pfb></usr/share/texmf-tex
live/fonts/type1/public/amsfonts/cm/cmmi8.pfb></usr/share/texmf-texlive/fonts/t
ype1/public/amsfonts/cm/cmr10.pfb></usr/share/texmf-texlive/fonts/type1/public/
amsfonts/cm/cmr12.pfb></usr/share/texmf-texlive/fonts/type1/public/amsfonts/cm/
cmr17.pfb></usr/share/texmf-texlive/fonts/type1/public/amsfonts/cm/cmr6.pfb></u
sr/share/texmf-texlive/fonts/type1/public/amsfonts/cm/cmr7.pfb></usr/share/texm
f-texlive/fonts/type1/public/amsfonts/cm/cmr8.pfb></usr/share/texmf-texlive/fon
ts/type1/public/amsfonts/cm/cmr9.pfb></usr/share/texmf-texlive/fonts/type1/publ
ic/amsfonts/cm/cmss10.pfb></usr/share/texmf-texlive/fonts/type1/public/amsfonts
/cm/cmss8.pfb></usr/share/texmf-texlive/fonts/type1/public/amsfonts/cm/cmsy10.p
fb></usr/share/texmf-texlive/fonts/type1/public/amsfonts/cm/cmsy6.pfb></usr/sha
re/texmf-texlive/fonts/type1/public/amsfonts/cm/cmsy8.pfb></usr/share/texmf-tex
live/fonts/type1/public/amsfonts/cm/cmti9.pfb></usr/share/texmf-texlive/fonts/t
ype1/public/amsfonts/cm/cmtt10.pfb></usr/share/texmf-texlive/fonts/type1/public
/amsfonts/cm/cmtt12.pfb></usr/share/texmf-texlive/fonts/type1/public/amsfonts/c
m/cmtt9.pfb></usr/share/texmf-texlive/fonts/type1/public/amsfonts/latxfont/lcir
cle1.pfb></usr/share/texmf-texlive/fonts/type1/public/amsfonts/latxfont/line10.
pfb></usr/share/texmf-texlive/fonts/type1/public/amsfonts/symbols/msam5.pfb>
Output written on cwpuzzle.pdf (31 pages, 356681 bytes).
PDF statistics:
 198 PDF objects out of 1000 (max. 8388607)
 0 named destinations out of 1000 (max. 500000)
 1 words of extra memory for PDF output out of 10000 (max. 10000000)

